<?xml version="1.0" encoding="UTF-8"?>
<testsuite xmlns:xsi="http://www.w3.org/2001/XMLSchema-instance" xsi:noNamespaceSchemaLocation="https://maven.apache.org/surefire/maven-surefire-plugin/xsd/surefire-test-report-3.0.xsd" version="3.0" name="testRunner.AppTest" time="88.997" tests="4" errors="0" skipped="4" failures="0">
  <properties>
[...]
</properties>
  <testcase name="runScenario[&quot;&quot;, &quot;&quot;](1)" classname="testRunner.AppTest" time="0.0">
    <skipped message="There are undefined steps"/>
    <system-out><![CDATA[@tag
Feature: 
As admin user i want to validate suppliers and customers Modules

  @Customers
  Scenario Outline:  # ./featureFiles/ERP.feature:29
As admin user i want to test customer with Multiple data
    When user should navigate to add customer page
    And user capture customer number
    And User enters customer Details "<Name>", "<Address>", "<City>", "<Country>", "<Person>", "<Phone>", "<Email>", "<Mobile>", "<Notes>"
    And user click add button
    And user click confirm ok button
    And user click alert ok button
    And user search for customer number
    Then user verify customer number in table
    When user close browser
    When user click customer link

    Examples: 

  Background: Successful Login                              # ./featureFiles/ERP.feature:4
    Given User is on the Login Page                         # ERPSteps.launchUrl()
    When User enters username "admin" and password "master" # ERPSteps.user_enters_username_and_password(String,String)
    And clicks on Login button                              # ERPSteps.clicks_on_Login_button()
Dashboard page Displayed
    Then Dashboard should be displayed                      # ERPSteps.dashboard_should_be_displayed()

  @tag @Customers
  Scenario Outline:                                                                                                                         # ./featureFiles/ERP.feature:43
As admin user i want to test customer with Multiple data
    When user should navigate to add customer page                                                                                          # ERPSteps.user_should_navigate_to_add_customer_page()
    And user capture customer number                                                                                                        # ERPSteps.user_capture_customer_number()
    And User enters customer Details "Alice W1", "Lane 55", "London", "UK", "Alice", "1122334455", "alice@test.com", "5544332211", "Retail" # ERPSteps.user_enters_customer_Details(String,String,String,String,String,String,String,String,String)
    And user click add button                                                                                                               # ERPSteps.user_click_add_button()
    And user click confirm ok button                                                                                                        # ERPSteps.user_click_confirm_ok_button()
    And user click alert ok button                                                                                                          # ERPSteps.user_click_alert_ok_button()
    And user search for customer number                                                                                                     # ERPSteps.user_search_for_customer_number()
Customer-00000003822             Customer-00000003822
    Then user verify customer number in table                                                                                               # ERPSteps.user_verify_customer_number_in_table()
    When user close browser                                                                                                                 # ERPSteps.user_close_browser()
    When user click customer link                                                                                                           # null
]]></system-out>
    <system-err><![CDATA[SLF4J(W): No SLF4J providers were found.
SLF4J(W): Defaulting to no-operation (NOP) logger implementation
SLF4J(W): See https://www.slf4j.org/codes.html#noProviders for further details.
WARNING: Found tags option '@Customers,@Suppliers not'. Support for '@tag1,@tag2' will be removed from the next release of Cucumber-JVM. Please use '@tag or @tag2' instead
Mar 17, 2026 6:50:35 PM org.openqa.selenium.devtools.CdpVersionFinder findNearestMatch
WARNING: Unable to find CDP implementation matching 146
Mar 17, 2026 6:50:35 PM org.openqa.selenium.chromium.ChromiumDriver lambda$new$5
WARNING: Unable to find version of CDP to use for 146.0.7680.80. You may need to include a dependency on a specific version of the CDP using something similar to `org.seleniumhq.selenium:selenium-devtools-v86:4.25.0` where the version ("v86") matches the version of the chromium-based browser you're using and the version number of the artifact is the same as Selenium's.
]]></system-err>
  </testcase>
  <testcase name="runScenario[&quot;&quot;, &quot;&quot;](2)" classname="testRunner.AppTest" time="0.0">
    <skipped message="There are undefined steps"/>
    <system-out><![CDATA[
  Background: Successful Login                              # ./featureFiles/ERP.feature:4
    Given User is on the Login Page                         # ERPSteps.launchUrl()
    When User enters username "admin" and password "master" # ERPSteps.user_enters_username_and_password(String,String)
    And clicks on Login button                              # ERPSteps.clicks_on_Login_button()
Dashboard page Displayed
    Then Dashboard should be displayed                      # ERPSteps.dashboard_should_be_displayed()

  @tag @Customers
  Scenario Outline:                                                                                                                         # ./featureFiles/ERP.feature:44
As admin user i want to test customer with Multiple data
    When user should navigate to add customer page                                                                                          # ERPSteps.user_should_navigate_to_add_customer_page()
    And user capture customer number                                                                                                        # ERPSteps.user_capture_customer_number()
    And User enters customer Details "Alice W3", "Lane 57", "London", "UK", "Alice", "1122334455", "alice@test.com", "5544332211", "Retail" # ERPSteps.user_enters_customer_Details(String,String,String,String,String,String,String,String,String)
    And user click add button                                                                                                               # ERPSteps.user_click_add_button()
    And user click confirm ok button                                                                                                        # ERPSteps.user_click_confirm_ok_button()
    And user click alert ok button                                                                                                          # ERPSteps.user_click_alert_ok_button()
    And user search for customer number                                                                                                     # ERPSteps.user_search_for_customer_number()
Customer-00000003823             Customer-00000003823
    Then user verify customer number in table                                                                                               # ERPSteps.user_verify_customer_number_in_table()
    When user close browser                                                                                                                 # ERPSteps.user_close_browser()
    When user click customer link                                                                                                           # null
]]></system-out>
    <system-err><![CDATA[Mar 17, 2026 6:50:56 PM org.openqa.selenium.devtools.CdpVersionFinder findNearestMatch
WARNING: Unable to find CDP implementation matching 146
Mar 17, 2026 6:50:56 PM org.openqa.selenium.chromium.ChromiumDriver lambda$new$5
WARNING: Unable to find version of CDP to use for 146.0.7680.80. You may need to include a dependency on a specific version of the CDP using something similar to `org.seleniumhq.selenium:selenium-devtools-v86:4.25.0` where the version ("v86") matches the version of the chromium-based browser you're using and the version number of the artifact is the same as Selenium's.
]]></system-err>
  </testcase>
  <testcase name="runScenario[&quot;&quot;, &quot;&quot;](3)" classname="testRunner.AppTest" time="0.0">
    <skipped message="There are undefined steps"/>
    <system-out><![CDATA[
  Background: Successful Login                              # ./featureFiles/ERP.feature:4
    Given User is on the Login Page                         # ERPSteps.launchUrl()
    When User enters username "admin" and password "master" # ERPSteps.user_enters_username_and_password(String,String)
    And clicks on Login button                              # ERPSteps.clicks_on_Login_button()
Dashboard page Displayed
    Then Dashboard should be displayed                      # ERPSteps.dashboard_should_be_displayed()

  @tag @Customers
  Scenario Outline:                                                                                                                         # ./featureFiles/ERP.feature:45
As admin user i want to test customer with Multiple data
    When user should navigate to add customer page                                                                                          # ERPSteps.user_should_navigate_to_add_customer_page()
    And user capture customer number                                                                                                        # ERPSteps.user_capture_customer_number()
    And User enters customer Details "Alice W5", "Lane 56", "London", "UK", "Alice", "1122334455", "alice@test.com", "5544332211", "Retail" # ERPSteps.user_enters_customer_Details(String,String,String,String,String,String,String,String,String)
    And user click add button                                                                                                               # ERPSteps.user_click_add_button()
    And user click confirm ok button                                                                                                        # ERPSteps.user_click_confirm_ok_button()
    And user click alert ok button                                                                                                          # ERPSteps.user_click_alert_ok_button()
    And user search for customer number                                                                                                     # ERPSteps.user_search_for_customer_number()
Customer-00000003824             Customer-00000003824
    Then user verify customer number in table                                                                                               # ERPSteps.user_verify_customer_number_in_table()
    When user close browser                                                                                                                 # ERPSteps.user_close_browser()
    When user click customer link                                                                                                           # null
]]></system-out>
    <system-err><![CDATA[Mar 17, 2026 6:51:19 PM org.openqa.selenium.devtools.CdpVersionFinder findNearestMatch
WARNING: Unable to find CDP implementation matching 146
Mar 17, 2026 6:51:19 PM org.openqa.selenium.chromium.ChromiumDriver lambda$new$5
WARNING: Unable to find version of CDP to use for 146.0.7680.80. You may need to include a dependency on a specific version of the CDP using something similar to `org.seleniumhq.selenium:selenium-devtools-v86:4.25.0` where the version ("v86") matches the version of the chromium-based browser you're using and the version number of the artifact is the same as Selenium's.
]]></system-err>
  </testcase>
  <testcase name="runScenario[&quot;&quot;, &quot;&quot;](4)" classname="testRunner.AppTest" time="0.0">
    <skipped message="There are undefined steps"/>
    <system-out><![CDATA[
  Background: Successful Login                              # ./featureFiles/ERP.feature:4
    Given User is on the Login Page                         # ERPSteps.launchUrl()
    When User enters username "admin" and password "master" # ERPSteps.user_enters_username_and_password(String,String)
    And clicks on Login button                              # ERPSteps.clicks_on_Login_button()
Dashboard page Displayed
    Then Dashboard should be displayed                      # ERPSteps.dashboard_should_be_displayed()

  @tag @Customers
  Scenario Outline:                                                                                                                         # ./featureFiles/ERP.feature:46
As admin user i want to test customer with Multiple data
    When user should navigate to add customer page                                                                                          # ERPSteps.user_should_navigate_to_add_customer_page()
    And user capture customer number                                                                                                        # ERPSteps.user_capture_customer_number()
    And User enters customer Details "Alice W5", "Lane 54", "London", "UK", "Alice", "1122334455", "alice@test.com", "5544332211", "Retail" # ERPSteps.user_enters_customer_Details(String,String,String,String,String,String,String,String,String)
    And user click add button                                                                                                               # ERPSteps.user_click_add_button()
    And user click confirm ok button                                                                                                        # ERPSteps.user_click_confirm_ok_button()
    And user click alert ok button                                                                                                          # ERPSteps.user_click_alert_ok_button()
    And user search for customer number                                                                                                     # ERPSteps.user_search_for_customer_number()
Customer-00000003825             Customer-00000003825
    Then user verify customer number in table                                                                                               # ERPSteps.user_verify_customer_number_in_table()
    When user close browser                                                                                                                 # ERPSteps.user_close_browser()
    When user click customer link                                                                                                           # null
]]></system-out>
    <system-err><![CDATA[Mar 17, 2026 6:51:39 PM org.openqa.selenium.devtools.CdpVersionFinder findNearestMatch
WARNING: Unable to find CDP implementation matching 146
Mar 17, 2026 6:51:39 PM org.openqa.selenium.chromium.ChromiumDriver lambda$new$5
WARNING: Unable to find version of CDP to use for 146.0.7680.80. You may need to include a dependency on a specific version of the CDP using something similar to `org.seleniumhq.selenium:selenium-devtools-v86:4.25.0` where the version ("v86") matches the version of the chromium-based browser you're using and the version number of the artifact is the same as Selenium's.
]]></system-err>
  </testcase>
</testsuite>