<?xml version="1.0" encoding="UTF-8"?>
<!-- Generated by org.testng.reporters.JUnitReportReporter -->
<testsuite hostname="DESKTOP-1RLTEAV" failures="0" tests="4" name="testRunner.AppTest" time="87.642" errors="0" timestamp="2026-03-17T18:52:02 IST" skipped="4">
  <testcase classname="testRunner.AppTest" name="runScenario" time="22.439">
    <skipped/>
    <system-out>
      <![CDATA[Customer-00000003823             Customer-00000003823]]>
    </system-out>
  </testcase> <!-- runScenario -->
  <testcase classname="testRunner.AppTest" name="runScenario" time="22.910">
    <skipped/>
    <system-out>
      <![CDATA[Customer-00000003825             Customer-00000003825]]>
    </system-out>
  </testcase> <!-- runScenario -->
  <testcase classname="testRunner.AppTest" name="runScenario" time="20.622">
    <skipped/>
    <system-out>
      <![CDATA[Customer-00000003824             Customer-00000003824]]>
    </system-out>
  </testcase> <!-- runScenario -->
  <testcase classname="testRunner.AppTest" name="runScenario" time="21.671">
    <skipped/>
    <system-out>
      <![CDATA[Customer-00000003822             Customer-00000003822]]>
    </system-out>
  </testcase> <!-- runScenario -->
  <system-out>
    <![CDATA[Customer-00000003822             Customer-00000003822
Customer-00000003823             Customer-00000003823
Customer-00000003824             Customer-00000003824
Customer-00000003825             Customer-00000003825]]>
  </system-out>
</testsuite> <!-- testRunner.AppTest -->
